<?xml version="1.0" encoding="UTF-8"?>
<testsuite name="inkball.BlankTest" tests="1" skipped="0" failures="0" errors="0" timestamp="2024-10-18T09:58:06" hostname="LAPTOP-T9CSJGT7" time="0.002">
  <properties/>
  <testcase name="testDraw()" classname="inkball.BlankTest" time="0.002"/>
  <system-out><![CDATA[]]></system-out>
  <system-err><![CDATA[]]></system-err>
</testsuite>
