<?xml version="1.0" encoding="UTF-8"?>
<testsuite name="inkball.AppTest" tests="1" skipped="0" failures="0" errors="0" timestamp="2024-10-15T04:28:35" hostname="LAPTOP-T9CSJGT7" time="1.855">
  <properties/>
  <testcase name="testSetup()" classname="inkball.AppTest" time="1.855"/>
  <system-out><![CDATA[Last second: 0
timeLimit: 0
]]></system-out>
  <system-err><![CDATA[]]></system-err>
</testsuite>
