<?xml version="1.0" encoding="UTF-8"?>
<testsuite name="inkball.BallTest" tests="27" skipped="0" failures="0" errors="0" timestamp="2024-10-09T06:33:20" hostname="LAPTOP-T9CSJGT7" time="0.108">
  <properties/>
  <testcase name="testNormalWillCollide()" classname="inkball.BallTest" time="0.036"/>
  <testcase name="testNormalConstruction()" classname="inkball.BallTest" time="0.008"/>
  <testcase name="testAbsorption()" classname="inkball.BallTest" time="0.001"/>
  <testcase name="testNegativeWillCollide()" classname="inkball.BallTest" time="0.001"/>
  <testcase name="testNegativeSetColour()" classname="inkball.BallTest" time="0.001"/>
  <testcase name="testGetBallCenter()" classname="inkball.BallTest" time="0.001"/>
  <testcase name="testEdgeNewDirection()" classname="inkball.BallTest" time="0.001"/>
  <testcase name="testNormalNewDirection()" classname="inkball.BallTest" time="0.001"/>
  <testcase name="testNormalMeetHole()" classname="inkball.BallTest" time="0.001"/>
  <testcase name="testNormalSetColour()" classname="inkball.BallTest" time="0.001"/>
  <testcase name="testEdgeMeetHole()" classname="inkball.BallTest" time="0.001"/>
  <testcase name="testNegativeAttractionVector()" classname="inkball.BallTest" time="0.001"/>
  <testcase name="testNormalSetVector()" classname="inkball.BallTest" time="0.001"/>
  <testcase name="testNegativeNewDirection()" classname="inkball.BallTest" time="0.001"/>
  <testcase name="testNegativeInteract()" classname="inkball.BallTest" time="0.002"/>
  <testcase name="testMoveOne()" classname="inkball.BallTest" time="0.002"/>
  <testcase name="testEdgeAttractionVector()" classname="inkball.BallTest" time="0.001"/>
  <testcase name="testNormalSetBallRadius()" classname="inkball.BallTest" time="0.002"/>
  <testcase name="testZeroBallRadius()" classname="inkball.BallTest" time="0.001"/>
  <testcase name="testEdgeSetColour()" classname="inkball.BallTest" time="0.001"/>
  <testcase name="testEdgeInteract()" classname="inkball.BallTest" time="0.001"/>
  <testcase name="testEdgeSetBallRadius()" classname="inkball.BallTest" time="0.001"/>
  <testcase name="testEdgeConstruction()" classname="inkball.BallTest" time="0.001"/>
  <testcase name="testNormalAttractionVector()" classname="inkball.BallTest" time="0.003"/>
  <testcase name="testEdgeWillCollide()" classname="inkball.BallTest" time="0.001"/>
  <testcase name="testEdgeSetVector()" classname="inkball.BallTest" time="0.001"/>
  <testcase name="testPositiveInteract()" classname="inkball.BallTest" time="0.001"/>
  <system-out><![CDATA[]]></system-out>
  <system-err><![CDATA[]]></system-err>
</testsuite>
