<?xml version="1.0" encoding="UTF-8"?>
<testsuite name="inkball.WallTest" tests="4" skipped="0" failures="0" errors="0" timestamp="2024-10-18T14:38:00" hostname="LAPTOP-T9CSJGT7" time="0.006">
  <properties/>
  <testcase name="testColourToString()" classname="inkball.WallTest" time="0.0"/>
  <testcase name="testGetHP()" classname="inkball.WallTest" time="0.0"/>
  <testcase name="testDraw()" classname="inkball.WallTest" time="0.002"/>
  <testcase name="testDamage()" classname="inkball.WallTest" time="0.001"/>
  <system-out><![CDATA[]]></system-out>
  <system-err><![CDATA[]]></system-err>
</testsuite>
