<?xml version="1.0" encoding="UTF-8"?>
<testsuite name="inkball.HoleTest" tests="3" skipped="0" failures="0" errors="0" timestamp="2024-10-18T14:38:01" hostname="LAPTOP-T9CSJGT7" time="0.003">
  <properties/>
  <testcase name="testColourToString()" classname="inkball.HoleTest" time="0.0"/>
  <testcase name="testDraw()" classname="inkball.HoleTest" time="0.001"/>
  <testcase name="testGetHoleCenter()" classname="inkball.HoleTest" time="0.0"/>
  <system-out><![CDATA[]]></system-out>
  <system-err><![CDATA[]]></system-err>
</testsuite>
