<?xml version="1.0" encoding="UTF-8"?>
<testsuite name="inkball.AppTest" tests="38" skipped="0" failures="0" errors="0" timestamp="2024-10-18T14:38:00" hostname="LAPTOP-T9CSJGT7" time="1.383">
  <properties/>
  <testcase name="testSettings()" classname="inkball.AppTest" time="0.005"/>
  <testcase name="testMouseReleased()" classname="inkball.AppTest" time="0.004"/>
  <testcase name="testGetPosition()" classname="inkball.AppTest" time="0.003"/>
  <testcase name="testAddWallLineSegments()" classname="inkball.AppTest" time="0.003"/>
  <testcase name="testGetBalls()" classname="inkball.AppTest" time="0.003"/>
  <testcase name="testGetBoard()" classname="inkball.AppTest" time="0.004"/>
  <testcase name="testAllDraw()" classname="inkball.AppTest" time="0.242"/>
  <testcase name="testGetColourCode()" classname="inkball.AppTest" time="0.003"/>
  <testcase name="testSetup()" classname="inkball.AppTest" time="0.282"/>
  <testcase name="testDraw()" classname="inkball.AppTest" time="0.306"/>
  <testcase name="testGetWallAssociated()" classname="inkball.AppTest" time="0.003"/>
  <testcase name="testLeftDrawingMouseDragged()" classname="inkball.AppTest" time="0.003"/>
  <testcase name="testPausedMouseDragged()" classname="inkball.AppTest" time="0.002"/>
  <testcase name="testKeyPressed()" classname="inkball.AppTest" time="0.004"/>
  <testcase name="testLeftMousePressed()" classname="inkball.AppTest" time="0.003"/>
  <testcase name="testColourToInt()" classname="inkball.AppTest" time="0.003"/>
  <testcase name="testGetFileContents()" classname="inkball.AppTest" time="0.013"/>
  <testcase name="testNegativeSpawnBalls()" classname="inkball.AppTest" time="0.004"/>
  <testcase name="testAppConstructor()" classname="inkball.AppTest" time="0.003"/>
  <testcase name="testRemoveLine()" classname="inkball.AppTest" time="0.002"/>
  <testcase name="testRemoveWall()" classname="inkball.AppTest" time="0.005"/>
  <testcase name="testRestartWithGameLevelExceedingJsonLevels()" classname="inkball.AppTest" time="0.172"/>
  <testcase name="testSpawnBalls()" classname="inkball.AppTest" time="0.002"/>
  <testcase name="testGetWallLineSegments()" classname="inkball.AppTest" time="0.004"/>
  <testcase name="testRestart()" classname="inkball.AppTest" time="0.002"/>
  <testcase name="testNotLeftMouseDragged()" classname="inkball.AppTest" time="0.004"/>
  <testcase name="testSetLayout()" classname="inkball.AppTest" time="0.034"/>
  <testcase name="testAddDrawnLine()" classname="inkball.AppTest" time="0.002"/>
  <testcase name="testNormalSpawnBalls()" classname="inkball.AppTest" time="0.002"/>
  <testcase name="testLeftNotDrawingMouseDragged()" classname="inkball.AppTest" time="0.003"/>
  <testcase name="testAddBorders()" classname="inkball.AppTest" time="0.023"/>
  <testcase name="testRightMousePressed()" classname="inkball.AppTest" time="0.001"/>
  <testcase name="testPausedMousePressed()" classname="inkball.AppTest" time="0.003"/>
  <testcase name="testGetLineSegments()" classname="inkball.AppTest" time="0.002"/>
  <testcase name="testGetDistance()" classname="inkball.AppTest" time="0.002"/>
  <testcase name="testSpiral()" classname="inkball.AppTest" time="0.003"/>
  <testcase name="testLeftNegativeMouseDragged()" classname="inkball.AppTest" time="0.002"/>
  <testcase name="testLineDraw()" classname="inkball.AppTest" time="0.129"/>
  <system-out><![CDATA[JSON file not found
JSON file not found
JSON file not found
]]></system-out>
  <system-err><![CDATA[]]></system-err>
</testsuite>
