<?xml version="1.0" encoding="UTF-8"?>
<testsuite name="inkball.BallTest" tests="30" skipped="0" failures="0" errors="0" timestamp="2024-10-10T02:26:30" hostname="LAPTOP-T9CSJGT7" time="2.86">
  <properties/>
  <testcase name="testNormalWillCollide()" classname="inkball.BallTest" time="2.179"/>
  <testcase name="testNormalConstruction()" classname="inkball.BallTest" time="0.01"/>
  <testcase name="testAbsorption()" classname="inkball.BallTest" time="0.002"/>
  <testcase name="testNormalDraw()" classname="inkball.BallTest" time="0.03"/>
  <testcase name="testNegativeWillCollide()" classname="inkball.BallTest" time="0.017"/>
  <testcase name="testNegativeSetColour()" classname="inkball.BallTest" time="0.001"/>
  <testcase name="testGetBallCenter()" classname="inkball.BallTest" time="0.002"/>
  <testcase name="testEdgeNewDirection()" classname="inkball.BallTest" time="0.002"/>
  <testcase name="testToString()" classname="inkball.BallTest" time="0.002"/>
  <testcase name="testNormalNewDirection()" classname="inkball.BallTest" time="0.002"/>
  <testcase name="testNegativeMeetHole()" classname="inkball.BallTest" time="0.001"/>
  <testcase name="testNormalMeetHole()" classname="inkball.BallTest" time="0.542"/>
  <testcase name="testNormalSetColour()" classname="inkball.BallTest" time="0.002"/>
  <testcase name="testEdgeMeetHole()" classname="inkball.BallTest" time="0.002"/>
  <testcase name="testNegativeAttractionVector()" classname="inkball.BallTest" time="0.001"/>
  <testcase name="testNormalSetVector()" classname="inkball.BallTest" time="0.009"/>
  <testcase name="testNegativeNewDirection()" classname="inkball.BallTest" time="0.002"/>
  <testcase name="testNegativeInteract()" classname="inkball.BallTest" time="0.002"/>
  <testcase name="testMoveOne()" classname="inkball.BallTest" time="0.001"/>
  <testcase name="testNormalSetBallRadius()" classname="inkball.BallTest" time="0.001"/>
  <testcase name="testZeroBallRadius()" classname="inkball.BallTest" time="0.001"/>
  <testcase name="testEdgeSetColour()" classname="inkball.BallTest" time="0.001"/>
  <testcase name="testNegativeDraw()" classname="inkball.BallTest" time="0.005"/>
  <testcase name="testEdgeInteract()" classname="inkball.BallTest" time="0.002"/>
  <testcase name="testEdgeSetBallRadius()" classname="inkball.BallTest" time="0.003"/>
  <testcase name="testEdgeConstruction()" classname="inkball.BallTest" time="0.002"/>
  <testcase name="testNormalAttractionVector()" classname="inkball.BallTest" time="0.002"/>
  <testcase name="testEdgeWillCollide()" classname="inkball.BallTest" time="0.002"/>
  <testcase name="testEdgeSetVector()" classname="inkball.BallTest" time="0.002"/>
  <testcase name="testPositiveInteract()" classname="inkball.BallTest" time="0.002"/>
  <system-out><![CDATA[]]></system-out>
  <system-err><![CDATA[]]></system-err>
</testsuite>
