<?xml version="1.0" encoding="UTF-8"?>
<testsuite name="inkball.SampleTest" tests="1" skipped="0" failures="0" errors="0" timestamp="2024-09-18T04:28:39" hostname="LAPTOP-T9CSJGT7" time="0.027">
  <properties/>
  <testcase name="simpleTest()" classname="inkball.SampleTest" time="0.027"/>
  <system-out><![CDATA[]]></system-out>
  <system-err><![CDATA[]]></system-err>
</testsuite>
