<?xml version="1.0" encoding="UTF-8"?>
<testsuite name="inkball.TileTest" tests="2" skipped="0" failures="0" errors="0" timestamp="2024-10-08T10:50:29" hostname="LAPTOP-T9CSJGT7" time="0.002">
  <properties/>
  <testcase name="testGetX()" classname="inkball.TileTest" time="0.001"/>
  <testcase name="testGetY()" classname="inkball.TileTest" time="0.001"/>
  <system-out><![CDATA[]]></system-out>
  <system-err><![CDATA[]]></system-err>
</testsuite>
