<?xml version="1.0" encoding="UTF-8"?>
<testsuite name="inkball.BallTest" tests="1" skipped="0" failures="0" errors="0" timestamp="2024-10-09T20:01:01" hostname="LAPTOP-T9CSJGT7" time="0.046">
  <properties/>
  <testcase name="testNormalNewDirection()" classname="inkball.BallTest" time="0.046"/>
  <system-out><![CDATA[]]></system-out>
  <system-err><![CDATA[]]></system-err>
</testsuite>
